0 info it worked if it ends with ok
1 verbose cli [ '/Users/chartley/.nvm/versions/node/v6.13.0/bin/node',
1 verbose cli   '/Users/chartley/.nvm/versions/node/v6.13.0/bin/npm',
1 verbose cli   'run',
1 verbose cli   'dev' ]
2 info using npm@3.10.10
3 info using node@v6.13.0
4 verbose run-script [ 'predev', 'dev', 'postdev' ]
5 info lifecycle vue-app@1.0.0~predev: vue-app@1.0.0
6 silly lifecycle vue-app@1.0.0~predev: no script for predev, continuing
7 info lifecycle vue-app@1.0.0~dev: vue-app@1.0.0
8 verbose lifecycle vue-app@1.0.0~dev: unsafe-perm in lifecycle true
9 verbose lifecycle vue-app@1.0.0~dev: PATH: /Users/chartley/.nvm/versions/node/v6.13.0/lib/node_modules/npm/bin/node-gyp-bin:/Users/chartley/projects/my-budget/node_modules/.bin:/usr/local/Cellar/ruby/2.5.0_1/bin:/usr/local/Cellar/maven/3.3.9/bin:/usr/local/Cellar/mysql/5.7.22/bin:/usr/local/lib/node_modules:/Users/chartley/.nvm/versions/node/v9.5.0/bin/npm:/Users/chartley/.nvm/versions/node/v6.13.0/bin:/usr/local/bin:/usr/bin:/bin:/usr/sbin:/sbin:/Library/Frameworks/Mono.framework/Versions/Current/Commands
10 verbose lifecycle vue-app@1.0.0~dev: CWD: /Users/chartley/projects/my-budget
11 silly lifecycle vue-app@1.0.0~dev: Args: [ '-c',
11 silly lifecycle   'webpack-dev-server --mode development --progress --hot --open' ]
12 silly lifecycle vue-app@1.0.0~dev: Returned: code: 1  signal: null
13 info lifecycle vue-app@1.0.0~dev: Failed to exec dev script
14 verbose stack Error: vue-app@1.0.0 dev: `webpack-dev-server --mode development --progress --hot --open`
14 verbose stack Exit status 1
14 verbose stack     at EventEmitter.<anonymous> (/Users/chartley/.nvm/versions/node/v6.13.0/lib/node_modules/npm/lib/utils/lifecycle.js:255:16)
14 verbose stack     at emitTwo (events.js:106:13)
14 verbose stack     at EventEmitter.emit (events.js:191:7)
14 verbose stack     at ChildProcess.<anonymous> (/Users/chartley/.nvm/versions/node/v6.13.0/lib/node_modules/npm/lib/utils/spawn.js:40:14)
14 verbose stack     at emitTwo (events.js:106:13)
14 verbose stack     at ChildProcess.emit (events.js:191:7)
14 verbose stack     at maybeClose (internal/child_process.js:920:16)
14 verbose stack     at Process.ChildProcess._handle.onexit (internal/child_process.js:230:5)
15 verbose pkgid vue-app@1.0.0
16 verbose cwd /Users/chartley/projects/my-budget
17 error Darwin 15.6.0
18 error argv "/Users/chartley/.nvm/versions/node/v6.13.0/bin/node" "/Users/chartley/.nvm/versions/node/v6.13.0/bin/npm" "run" "dev"
19 error node v6.13.0
20 error npm  v3.10.10
21 error code ELIFECYCLE
22 error vue-app@1.0.0 dev: `webpack-dev-server --mode development --progress --hot --open`
22 error Exit status 1
23 error Failed at the vue-app@1.0.0 dev script 'webpack-dev-server --mode development --progress --hot --open'.
23 error Make sure you have the latest version of node.js and npm installed.
23 error If you do, this is most likely a problem with the vue-app package,
23 error not with npm itself.
23 error Tell the author that this fails on your system:
23 error     webpack-dev-server --mode development --progress --hot --open
23 error You can get information on how to open an issue for this project with:
23 error     npm bugs vue-app
23 error Or if that isn't available, you can get their info via:
23 error     npm owner ls vue-app
23 error There is likely additional logging output above.
24 verbose exit [ 1, true ]
